{"level":"info","message":"Request log","timestamp":"2020-04-12T18:24:55.341Z","method":"POST","url":"/boards","queryParams":{},"body":{"title":"Autotest board","columns":[{"title":"Backlog","order":1},{"title":"Sprint","order":2}]}}
{"level":"info","message":"Request log","timestamp":"2020-04-12T18:24:55.399Z","method":"POST","url":"/boards/9f19d1ad-a2e7-4e97-8ed5-968f72d05afe/tasks","queryParams":{},"body":{"title":"Autotest task","order":0,"description":"Lorem ipsum","userId":null,"boardId":null,"columnId":null}}
{"level":"info","message":"Request log","timestamp":"2020-04-12T18:24:55.415Z","method":"GET","url":"/boards/9f19d1ad-a2e7-4e97-8ed5-968f72d05afe/tasks","queryParams":{},"body":{}}
{"level":"info","message":"Request log","timestamp":"2020-04-12T18:24:55.449Z","method":"GET","url":"/boards/9f19d1ad-a2e7-4e97-8ed5-968f72d05afe/tasks","queryParams":{},"body":{}}
{"level":"info","message":"Request log","timestamp":"2020-04-12T18:24:55.461Z","method":"GET","url":"/boards/9f19d1ad-a2e7-4e97-8ed5-968f72d05afe/tasks/df8519d8-271c-400c-9e9f-2d4bbae21c7f","queryParams":{},"body":{}}
{"level":"info","message":"Request log","timestamp":"2020-04-12T18:24:55.481Z","method":"POST","url":"/boards/9f19d1ad-a2e7-4e97-8ed5-968f72d05afe/tasks","queryParams":{},"body":{"title":"Autotest task","order":0,"description":"Lorem ipsum","userId":null,"boardId":null,"columnId":null}}
{"level":"info","message":"Request log","timestamp":"2020-04-12T18:24:55.492Z","method":"DELETE","url":"/boards/9f19d1ad-a2e7-4e97-8ed5-968f72d05afe/tasks/20a0e4b2-3f94-4c44-81f1-c799e9877537","queryParams":{},"body":{}}
{"level":"info","message":"Request log","timestamp":"2020-04-12T18:24:55.511Z","method":"POST","url":"/boards/9f19d1ad-a2e7-4e97-8ed5-968f72d05afe/tasks","queryParams":{},"body":{"title":"Autotest task","order":0,"description":"Lorem ipsum","userId":null,"boardId":null,"columnId":null}}
{"level":"info","message":"Request log","timestamp":"2020-04-12T18:24:55.521Z","method":"PUT","url":"/boards/9f19d1ad-a2e7-4e97-8ed5-968f72d05afe/tasks/e36e61b5-cf21-4a81-9096-10247b1a7f8b","queryParams":{},"body":{"id":"e36e61b5-cf21-4a81-9096-10247b1a7f8b","title":"Autotest updated task","order":0,"description":"Lorem ipsum","userId":null,"boardId":"9f19d1ad-a2e7-4e97-8ed5-968f72d05afe","columnId":null}}
{"level":"info","message":"Request log","timestamp":"2020-04-12T18:24:55.531Z","method":"GET","url":"/boards/9f19d1ad-a2e7-4e97-8ed5-968f72d05afe/tasks/e36e61b5-cf21-4a81-9096-10247b1a7f8b","queryParams":{},"body":{}}
{"level":"info","message":"Request log","timestamp":"2020-04-12T18:24:55.543Z","method":"GET","url":"/boards/9f19d1ad-a2e7-4e97-8ed5-968f72d05afe/tasks/df8519d8-271c-400c-9e9f-2d4bbae21c7f","queryParams":{},"body":{}}
{"level":"info","message":"Request log","timestamp":"2020-04-12T18:24:55.554Z","method":"DELETE","url":"/boards/9f19d1ad-a2e7-4e97-8ed5-968f72d05afe/tasks/df8519d8-271c-400c-9e9f-2d4bbae21c7f","queryParams":{},"body":{}}
{"level":"info","message":"Request log","timestamp":"2020-04-12T18:24:55.565Z","method":"GET","url":"/boards/9f19d1ad-a2e7-4e97-8ed5-968f72d05afe/tasks/df8519d8-271c-400c-9e9f-2d4bbae21c7f","queryParams":{},"body":{}}
{"level":"error","message":"Response error log","timestamp":"2020-04-12T18:24:55.570Z","status":404}
{"level":"info","message":"Request log","timestamp":"2020-04-12T18:24:55.585Z","method":"DELETE","url":"/boards/9f19d1ad-a2e7-4e97-8ed5-968f72d05afe","queryParams":{},"body":{}}
{"level":"info","message":"Request log","timestamp":"2020-04-12T18:24:55.814Z","method":"POST","url":"/boards","queryParams":{},"body":{"title":"Autotest board","columns":[{"title":"Backlog","order":1},{"title":"Sprint","order":2}]}}
{"level":"info","message":"Request log","timestamp":"2020-04-12T18:24:55.847Z","method":"GET","url":"/boards","queryParams":{},"body":{}}
{"level":"info","message":"Request log","timestamp":"2020-04-12T18:24:55.876Z","method":"GET","url":"/boards","queryParams":{},"body":{}}
{"level":"info","message":"Request log","timestamp":"2020-04-12T18:24:55.886Z","method":"GET","url":"/boards/1e066eca-630b-42eb-832f-cf7e9f1cc23e","queryParams":{},"body":{}}
{"level":"info","message":"Request log","timestamp":"2020-04-12T18:24:55.902Z","method":"POST","url":"/boards","queryParams":{},"body":{"title":"Autotest board","columns":[{"title":"Backlog","order":1},{"title":"Sprint","order":2}]}}
{"level":"info","message":"Request log","timestamp":"2020-04-12T18:24:55.914Z","method":"DELETE","url":"/boards/559f6225-ee7b-4c34-ae42-a58a8e4ccbcb","queryParams":{},"body":{}}
{"level":"info","message":"Request log","timestamp":"2020-04-12T18:24:55.928Z","method":"POST","url":"/boards","queryParams":{},"body":{"title":"Autotest board","columns":[{"title":"Backlog","order":1},{"title":"Sprint","order":2}]}}
{"level":"info","message":"Request log","timestamp":"2020-04-12T18:24:55.936Z","method":"PUT","url":"/boards/4fe4ee91-fb2f-43a1-ae2c-8a715b24fc71","queryParams":{},"body":{"id":"4fe4ee91-fb2f-43a1-ae2c-8a715b24fc71","title":"Autotest updated board","columns":[{"title":"Backlog","order":1},{"title":"Sprint","order":2}]}}
{"level":"info","message":"Request log","timestamp":"2020-04-12T18:24:55.943Z","method":"GET","url":"/boards/4fe4ee91-fb2f-43a1-ae2c-8a715b24fc71","queryParams":{},"body":{}}
{"level":"info","message":"Request log","timestamp":"2020-04-12T18:24:55.951Z","method":"DELETE","url":"/boards/4fe4ee91-fb2f-43a1-ae2c-8a715b24fc71","queryParams":{},"body":{}}
{"level":"info","message":"Request log","timestamp":"2020-04-12T18:24:55.960Z","method":"GET","url":"/boards","queryParams":{},"body":{}}
{"level":"info","message":"Request log","timestamp":"2020-04-12T18:24:55.967Z","method":"DELETE","url":"/boards/1e066eca-630b-42eb-832f-cf7e9f1cc23e","queryParams":{},"body":{}}
{"level":"info","message":"Request log","timestamp":"2020-04-12T18:24:55.975Z","method":"GET","url":"/boards/1e066eca-630b-42eb-832f-cf7e9f1cc23e","queryParams":{},"body":{}}
{"level":"error","message":"Response error log","timestamp":"2020-04-12T18:24:55.976Z","status":404}
{"level":"info","message":"Request log","timestamp":"2020-04-12T18:24:55.983Z","method":"POST","url":"/boards","queryParams":{},"body":{"title":"Autotest board","columns":[{"title":"Backlog","order":1},{"title":"Sprint","order":2}]}}
{"level":"info","message":"Request log","timestamp":"2020-04-12T18:24:55.998Z","method":"POST","url":"/boards/72b7b7f8-450d-4a77-a219-1dfae5b891ad/tasks","queryParams":{},"body":{"title":"Task #1","order":1,"description":"Lorem ipsum","boardId":"72b7b7f8-450d-4a77-a219-1dfae5b891ad","userId":null,"columnId":null}}
{"level":"info","message":"Request log","timestamp":"2020-04-12T18:24:56.001Z","method":"POST","url":"/boards/72b7b7f8-450d-4a77-a219-1dfae5b891ad/tasks","queryParams":{},"body":{"title":"Task #2","order":2,"description":"Lorem ipsum","boardId":"72b7b7f8-450d-4a77-a219-1dfae5b891ad","userId":null,"columnId":null}}
{"level":"info","message":"Request log","timestamp":"2020-04-12T18:24:56.007Z","method":"POST","url":"/boards/72b7b7f8-450d-4a77-a219-1dfae5b891ad/tasks","queryParams":{},"body":{"title":"Task #5","order":5,"description":"Lorem ipsum","boardId":"72b7b7f8-450d-4a77-a219-1dfae5b891ad","userId":null,"columnId":null}}
{"level":"info","message":"Request log","timestamp":"2020-04-12T18:24:56.010Z","method":"POST","url":"/boards/72b7b7f8-450d-4a77-a219-1dfae5b891ad/tasks","queryParams":{},"body":{"title":"Task #3","order":3,"description":"Lorem ipsum","boardId":"72b7b7f8-450d-4a77-a219-1dfae5b891ad","userId":null,"columnId":null}}
{"level":"info","message":"Request log","timestamp":"2020-04-12T18:24:56.013Z","method":"POST","url":"/boards/72b7b7f8-450d-4a77-a219-1dfae5b891ad/tasks","queryParams":{},"body":{"title":"Task #4","order":4,"description":"Lorem ipsum","boardId":"72b7b7f8-450d-4a77-a219-1dfae5b891ad","userId":null,"columnId":null}}
{"level":"info","message":"Request log","timestamp":"2020-04-12T18:24:56.019Z","method":"GET","url":"/users","queryParams":{},"body":{}}
{"level":"info","message":"Request log","timestamp":"2020-04-12T18:24:56.027Z","method":"GET","url":"/boards/72b7b7f8-450d-4a77-a219-1dfae5b891ad/tasks/3fa5afa5-975c-45e0-9753-c24ec79c1b4c","queryParams":{},"body":{}}
{"level":"info","message":"Request log","timestamp":"2020-04-12T18:24:56.030Z","method":"GET","url":"/boards/72b7b7f8-450d-4a77-a219-1dfae5b891ad/tasks/18b97172-0c02-48b1-9d50-e1fe104a3efd","queryParams":{},"body":{}}
{"level":"info","message":"Request log","timestamp":"2020-04-12T18:24:56.033Z","method":"GET","url":"/boards/72b7b7f8-450d-4a77-a219-1dfae5b891ad/tasks/55a31f38-836b-4e3a-abf5-8c166a8f64f0","queryParams":{},"body":{}}
{"level":"info","message":"Request log","timestamp":"2020-04-12T18:24:56.036Z","method":"GET","url":"/boards/72b7b7f8-450d-4a77-a219-1dfae5b891ad/tasks/8ecca3b3-8cb4-44b2-bf0a-9f5455e5088e","queryParams":{},"body":{}}
{"level":"info","message":"Request log","timestamp":"2020-04-12T18:24:56.038Z","method":"GET","url":"/boards/72b7b7f8-450d-4a77-a219-1dfae5b891ad/tasks/a680cc45-5579-4c2b-8687-e19589bf2a77","queryParams":{},"body":{}}
{"level":"info","message":"Request log","timestamp":"2020-04-12T18:24:56.045Z","method":"DELETE","url":"/boards/72b7b7f8-450d-4a77-a219-1dfae5b891ad","queryParams":{},"body":{}}
{"level":"info","message":"Request log","timestamp":"2020-04-12T18:24:56.059Z","method":"GET","url":"/boards/72b7b7f8-450d-4a77-a219-1dfae5b891ad/tasks/8ecca3b3-8cb4-44b2-bf0a-9f5455e5088e","queryParams":{},"body":{}}
{"level":"info","message":"Request log","timestamp":"2020-04-12T18:24:56.061Z","method":"GET","url":"/boards/72b7b7f8-450d-4a77-a219-1dfae5b891ad/tasks/a680cc45-5579-4c2b-8687-e19589bf2a77","queryParams":{},"body":{}}
{"level":"info","message":"Request log","timestamp":"2020-04-12T18:24:56.062Z","method":"GET","url":"/boards/72b7b7f8-450d-4a77-a219-1dfae5b891ad/tasks/3fa5afa5-975c-45e0-9753-c24ec79c1b4c","queryParams":{},"body":{}}
{"level":"info","message":"Request log","timestamp":"2020-04-12T18:24:56.064Z","method":"GET","url":"/boards/72b7b7f8-450d-4a77-a219-1dfae5b891ad/tasks/55a31f38-836b-4e3a-abf5-8c166a8f64f0","queryParams":{},"body":{}}
{"level":"error","message":"Response error log","timestamp":"2020-04-12T18:24:56.065Z","status":404}
{"level":"error","message":"Response error log","timestamp":"2020-04-12T18:24:56.067Z","status":404}
{"level":"error","message":"Response error log","timestamp":"2020-04-12T18:24:56.068Z","status":404}
{"level":"error","message":"Response error log","timestamp":"2020-04-12T18:24:56.069Z","status":404}
{"level":"info","message":"Request log","timestamp":"2020-04-12T18:24:56.072Z","method":"POST","url":"/users","queryParams":{},"body":{"name":"TEST_USER","login":"test_user","password":"T35t_P@55w0rd"}}
{"level":"info","message":"Request log","timestamp":"2020-04-12T18:24:56.075Z","method":"GET","url":"/boards/72b7b7f8-450d-4a77-a219-1dfae5b891ad/tasks/18b97172-0c02-48b1-9d50-e1fe104a3efd","queryParams":{},"body":{}}
{"level":"error","message":"Response error log","timestamp":"2020-04-12T18:24:56.077Z","status":404}
{"level":"info","message":"Request log","timestamp":"2020-04-12T18:24:56.082Z","method":"GET","url":"/users/2d1d598d-1278-4fb9-96ae-0cd5c12821de","queryParams":{},"body":{}}
{"level":"info","message":"Request log","timestamp":"2020-04-12T18:24:56.092Z","method":"DELETE","url":"/users/2d1d598d-1278-4fb9-96ae-0cd5c12821de","queryParams":{},"body":{}}
{"level":"info","message":"Request log","timestamp":"2020-04-12T18:24:56.102Z","method":"POST","url":"/users","queryParams":{},"body":{"name":"TEST_USER","login":"test_user","password":"T35t_P@55w0rd"}}
{"level":"info","message":"Request log","timestamp":"2020-04-12T18:24:56.122Z","method":"DELETE","url":"/users/27a1357f-ca3b-4a56-924b-8ed01eee9136","queryParams":{},"body":{}}
{"level":"info","message":"Request log","timestamp":"2020-04-12T18:24:56.131Z","method":"POST","url":"/users","queryParams":{},"body":{"name":"TEST_USER","login":"test_user","password":"T35t_P@55w0rd"}}
{"level":"info","message":"Request log","timestamp":"2020-04-12T18:24:56.139Z","method":"PUT","url":"/users/d6ec8812-8888-4e1d-a247-0a117e5d9b42","queryParams":{},"body":{"name":"Autotest updated TEST_USER","login":"test_user","password":"T35t_P@55w0rd","id":"d6ec8812-8888-4e1d-a247-0a117e5d9b42"}}
{"level":"info","message":"Request log","timestamp":"2020-04-12T18:24:56.147Z","method":"GET","url":"/users/d6ec8812-8888-4e1d-a247-0a117e5d9b42","queryParams":{},"body":{}}
{"level":"info","message":"Request log","timestamp":"2020-04-12T18:24:56.154Z","method":"DELETE","url":"/users/d6ec8812-8888-4e1d-a247-0a117e5d9b42","queryParams":{},"body":{}}
{"level":"info","message":"Request log","timestamp":"2020-04-12T18:24:56.162Z","method":"POST","url":"/users","queryParams":{},"body":{"name":"TEST_USER","login":"test_user","password":"T35t_P@55w0rd"}}
{"level":"info","message":"Request log","timestamp":"2020-04-12T18:24:56.169Z","method":"DELETE","url":"/users/6a37872e-e1bf-4f09-85c8-9fdbc43bd70f","queryParams":{},"body":{}}
{"level":"info","message":"Request log","timestamp":"2020-04-12T18:24:56.179Z","method":"POST","url":"/users","queryParams":{},"body":{"name":"TEST_USER","login":"test_user","password":"T35t_P@55w0rd"}}
{"level":"info","message":"Request log","timestamp":"2020-04-12T18:24:56.185Z","method":"POST","url":"/boards","queryParams":{},"body":{"title":"Autotest board","columns":[{"title":"Backlog","order":1},{"title":"Sprint","order":2}]}}
{"level":"info","message":"Request log","timestamp":"2020-04-12T18:24:56.194Z","method":"POST","url":"/boards/eb2e83be-c45d-42f8-94bb-98acd5533eec/tasks","queryParams":{},"body":{"title":"Task #1","order":1,"description":"Lorem ipsum","userId":"8bcd50ae-ed54-4e3d-a422-2ff14f33887a","boardId":"eb2e83be-c45d-42f8-94bb-98acd5533eec"}}
{"level":"info","message":"Request log","timestamp":"2020-04-12T18:24:56.197Z","method":"POST","url":"/boards/eb2e83be-c45d-42f8-94bb-98acd5533eec/tasks","queryParams":{},"body":{"title":"Task #2","order":2,"description":"Lorem ipsum","userId":"8bcd50ae-ed54-4e3d-a422-2ff14f33887a","boardId":"eb2e83be-c45d-42f8-94bb-98acd5533eec"}}
{"level":"info","message":"Request log","timestamp":"2020-04-12T18:24:56.203Z","method":"DELETE","url":"/users/8bcd50ae-ed54-4e3d-a422-2ff14f33887a","queryParams":{},"body":{}}
{"level":"info","message":"Request log","timestamp":"2020-04-12T18:24:56.210Z","method":"GET","url":"/boards/eb2e83be-c45d-42f8-94bb-98acd5533eec/tasks/8ab60d54-4a34-4588-be1f-a2772a26156e","queryParams":{},"body":{}}
{"level":"info","message":"Request log","timestamp":"2020-04-12T18:24:56.217Z","method":"GET","url":"/boards/eb2e83be-c45d-42f8-94bb-98acd5533eec/tasks/f994362b-72a7-4009-a58f-f0e74ad00639","queryParams":{},"body":{}}
{"level":"info","message":"Request log","timestamp":"2020-04-12T18:24:56.226Z","method":"DELETE","url":"/boards/eb2e83be-c45d-42f8-94bb-98acd5533eec/tasks/8ab60d54-4a34-4588-be1f-a2772a26156e","queryParams":{},"body":{}}
{"level":"info","message":"Request log","timestamp":"2020-04-12T18:24:56.228Z","method":"DELETE","url":"/boards/eb2e83be-c45d-42f8-94bb-98acd5533eec/tasks/f994362b-72a7-4009-a58f-f0e74ad00639","queryParams":{},"body":{}}
{"level":"info","message":"Request log","timestamp":"2020-04-12T18:24:56.234Z","method":"DELETE","url":"/boards/eb2e83be-c45d-42f8-94bb-98acd5533eec","queryParams":{},"body":{}}
